<?xml version="1.0" encoding="UTF-8"?>
<testng-results ignored="0" total="2" passed="2" failed="0" skipped="0">
  <reporter-output>
  </reporter-output>
  <suite started-at="2023-06-04T16:07:19 IST" name="Default suite" finished-at="2023-06-04T16:07:54 IST" duration-ms="35535">
    <groups>
      <group name="cucumber">
        <method signature="AbstractTestNGCucumberTests.runScenario(io.cucumber.testng.PickleWrapper,io.cucumber.testng.FeatureWrapper)[pri:0, instance:runner.AmazonSearchTestNGRunner@2ab4bc72]" name="runScenario" class="io.cucumber.testng.AbstractTestNGCucumberTests"/>
      </group> <!-- cucumber -->
    </groups>
    <test started-at="2023-06-04T16:07:19 IST" name="Default test" finished-at="2023-06-04T16:07:54 IST" duration-ms="35535">
      <class name="runner.AmazonSearchTestNGRunner">
        <test-method is-config="true" signature="setUpClass(org.testng.ITestContext)[pri:0, instance:runner.AmazonSearchTestNGRunner@2ab4bc72]" started-at="2023-06-04T16:07:19 IST" name="setUpClass" finished-at="2023-06-04T16:07:20 IST" duration-ms="1273" status="PASS">
          <params>
            <param index="0">
              <value>
                <![CDATA[org.testng.TestRunner@24c8d8be]]>
              </value>
            </param>
          </params>
          <reporter-output>
          </reporter-output>
        </test-method> <!-- setUpClass -->
        <test-method signature="runScenario(io.cucumber.testng.PickleWrapper,io.cucumber.testng.FeatureWrapper)[pri:0, instance:runner.AmazonSearchTestNGRunner@2ab4bc72]" started-at="2023-06-04T16:07:20 IST" name="runScenario" description="Runs Cucumber Scenarios" data-provider="scenarios" finished-at="2023-06-04T16:07:42 IST" duration-ms="21769" status="PASS">
          <params>
            <param index="0">
              <value>
                <![CDATA["Search product using produt name and category given from feature"]]>
              </value>
            </param>
            <param index="1">
              <value>
                <![CDATA["Validate the Amazon Search Functionality"]]>
              </value>
            </param>
          </params>
          <reporter-output>
          </reporter-output>
        </test-method> <!-- runScenario -->
        <test-method signature="runScenario(io.cucumber.testng.PickleWrapper,io.cucumber.testng.FeatureWrapper)[pri:0, instance:runner.AmazonSearchTestNGRunner@2ab4bc72]" started-at="2023-06-04T16:07:42 IST" name="runScenario" description="Runs Cucumber Scenarios" data-provider="scenarios" finished-at="2023-06-04T16:07:54 IST" duration-ms="12298" status="PASS">
          <params>
            <param index="0">
              <value>
                <![CDATA["Search product using produt name and category given from feature"]]>
              </value>
            </param>
            <param index="1">
              <value>
                <![CDATA["Validate the Amazon Search Functionality"]]>
              </value>
            </param>
          </params>
          <reporter-output>
          </reporter-output>
        </test-method> <!-- runScenario -->
        <test-method is-config="true" signature="tearDownClass()[pri:0, instance:runner.AmazonSearchTestNGRunner@2ab4bc72]" started-at="2023-06-04T16:07:54 IST" name="tearDownClass" finished-at="2023-06-04T16:07:54 IST" duration-ms="110" status="PASS">
          <reporter-output>
          </reporter-output>
        </test-method> <!-- tearDownClass -->
      </class> <!-- runner.AmazonSearchTestNGRunner -->
    </test> <!-- Default test -->
  </suite> <!-- Default suite -->
</testng-results>
